<?xml version="1.0" encoding="UTF-8"?>
<Site BuildName="Linux-c++"
	BuildStamp="20231113-0905-Experimental"
	Name="VM-8-3-ubuntu"
	Generator="ctest-3.16.3"
	CompilerName="/usr/bin/c++"
	CompilerVersion="9.4.0"
	OSName="Linux"
	Hostname="VM-8-3-ubuntu"
	OSRelease="5.4.0-42-generic"
	OSVersion="#46-Ubuntu SMP Fri Jul 10 00:24:02 UTC 2020"
	OSPlatform="x86_64"
	Is64Bits="1"
	VendorString="GenuineIntel"
	VendorID="Intel Corporation"
	FamilyID="6"
	ModelID="94"
	ProcessorCacheSize="28160"
	NumberOfLogicalCPU="2"
	NumberOfPhysicalCPU="2"
	TotalVirtualMemory="0"
	TotalPhysicalMemory="1987"
	LogicalProcessorsPerPhysical="1"
	ProcessorClockFrequency="2400"
	>
	<Testing>
		<StartDateTime>Nov 13 23:27 CST</StartDateTime>
		<StartTestTime>1699889273</StartTestTime>
		<TestList/>
		<EndDateTime>Nov 13 23:27 CST</EndDateTime>
		<EndTestTime>1699889273</EndTestTime>
		<ElapsedMinutes>0</ElapsedMinutes>
	</Testing>
</Site>
